<?xml version="1.0" encoding="UTF-8"?>
<!-- Generated by org.testng.reporters.JUnitXMLReporter -->
<testsuite ignored="0" hostname="Deepak" failures="15" tests="15" name="Tests3" time="0.368" errors="0" timestamp="2021-02-15T21:23:57 IST">
  <testcase classname="com.identifycourses.pages.ReadyToTransform" name="navigateEnterprise" time="0.002">
    <failure type="java.lang.NullPointerException" message="Cannot invoke &amp;quot;org.openqa.selenium.WebDriver.manage()&amp;quot; because &amp;quot;com.identifycourses.base.BaseClass.driver&amp;quot; is null">
      <![CDATA[java.lang.NullPointerException: Cannot invoke "org.openqa.selenium.WebDriver.manage()" because "com.identifycourses.base.BaseClass.driver" is null
at com.identifycourses.base.BaseClass.timeOut(BaseClass.java:52)
at com.identifycourses.pages.ReadyToTransform.navigateEnterprise(ReadyToTransform.java:13)
at java.base/java.util.ArrayList.forEach(ArrayList.java:1511)
... Removed 28 stack frames]]>
    </failure>
  </testcase> <!-- navigateEnterprise -->
  <testcase classname="com.identifycourses.pages.ReadyToTransform" name="forCampus" time="0.003">
    <failure type="java.lang.NullPointerException" message="Cannot invoke &amp;quot;org.openqa.selenium.WebDriver.manage()&amp;quot; because &amp;quot;com.identifycourses.base.BaseClass.driver&amp;quot; is null">
      <![CDATA[java.lang.NullPointerException: Cannot invoke "org.openqa.selenium.WebDriver.manage()" because "com.identifycourses.base.BaseClass.driver" is null
at com.identifycourses.base.BaseClass.timeOut(BaseClass.java:52)
at com.identifycourses.pages.ReadyToTransform.forCampus(ReadyToTransform.java:19)
at java.base/java.util.ArrayList.forEach(ArrayList.java:1511)
... Removed 28 stack frames]]>
    </failure>
  </testcase> <!-- forCampus -->
  <testcase classname="com.identifycourses.pages.ReadyToTransform" name="firstName" time="0.0">
    <failure type="org.testng.TestNGException" message="
Cannot inject @Test annotated Method [firstName] with [class java.lang.String].
For more information on native dependency injection please refer to https://testng.org/doc/documentation-main.html#native-dependency-injection">
      <![CDATA[org.testng.TestNGException: 
Cannot inject @Test annotated Method [firstName] with [class java.lang.String].
For more information on native dependency injection please refer to https://testng.org/doc/documentation-main.html#native-dependency-injection
at java.base/java.util.ArrayList.forEach(ArrayList.java:1511)
... Removed 27 stack frames]]>
    </failure>
  </testcase> <!-- firstName -->
  <testcase classname="com.identifycourses.pages.ReadyToTransform" name="lastName" time="0.0">
    <failure type="org.testng.TestNGException" message="
Cannot inject @Test annotated Method [lastName] with [class java.lang.String].
For more information on native dependency injection please refer to https://testng.org/doc/documentation-main.html#native-dependency-injection">
      <![CDATA[org.testng.TestNGException: 
Cannot inject @Test annotated Method [lastName] with [class java.lang.String].
For more information on native dependency injection please refer to https://testng.org/doc/documentation-main.html#native-dependency-injection
at java.base/java.util.ArrayList.forEach(ArrayList.java:1511)
... Removed 27 stack frames]]>
    </failure>
  </testcase> <!-- lastName -->
  <testcase classname="com.identifycourses.pages.ReadyToTransform" name="jobDescription" time="0.0">
    <failure type="org.testng.TestNGException" message="
Cannot inject @Test annotated Method [jobDescription] with [class java.lang.String].
For more information on native dependency injection please refer to https://testng.org/doc/documentation-main.html#native-dependency-injection">
      <![CDATA[org.testng.TestNGException: 
Cannot inject @Test annotated Method [jobDescription] with [class java.lang.String].
For more information on native dependency injection please refer to https://testng.org/doc/documentation-main.html#native-dependency-injection
at java.base/java.util.ArrayList.forEach(ArrayList.java:1511)
... Removed 27 stack frames]]>
    </failure>
  </testcase> <!-- jobDescription -->
  <testcase classname="com.identifycourses.pages.ReadyToTransform" name="jobTitle" time="0.0">
    <failure type="org.testng.TestNGException" message="
Cannot inject @Test annotated Method [jobTitle] with [class java.lang.String].
For more information on native dependency injection please refer to https://testng.org/doc/documentation-main.html#native-dependency-injection">
      <![CDATA[org.testng.TestNGException: 
Cannot inject @Test annotated Method [jobTitle] with [class java.lang.String].
For more information on native dependency injection please refer to https://testng.org/doc/documentation-main.html#native-dependency-injection
at java.base/java.util.ArrayList.forEach(ArrayList.java:1511)
... Removed 27 stack frames]]>
    </failure>
  </testcase> <!-- jobTitle -->
  <testcase classname="com.identifycourses.pages.ReadyToTransform" name="eMail" time="0.0">
    <failure type="org.testng.TestNGException" message="
Cannot inject @Test annotated Method [eMail] with [class java.lang.String].
For more information on native dependency injection please refer to https://testng.org/doc/documentation-main.html#native-dependency-injection">
      <![CDATA[org.testng.TestNGException: 
Cannot inject @Test annotated Method [eMail] with [class java.lang.String].
For more information on native dependency injection please refer to https://testng.org/doc/documentation-main.html#native-dependency-injection
at java.base/java.util.ArrayList.forEach(ArrayList.java:1511)
... Removed 27 stack frames]]>
    </failure>
  </testcase> <!-- eMail -->
  <testcase classname="com.identifycourses.pages.ReadyToTransform" name="phone" time="0.0">
    <failure type="org.testng.TestNGException" message="
Cannot inject @Test annotated Method [phone] with [class java.lang.String].
For more information on native dependency injection please refer to https://testng.org/doc/documentation-main.html#native-dependency-injection">
      <![CDATA[org.testng.TestNGException: 
Cannot inject @Test annotated Method [phone] with [class java.lang.String].
For more information on native dependency injection please refer to https://testng.org/doc/documentation-main.html#native-dependency-injection
at java.base/java.util.ArrayList.forEach(ArrayList.java:1511)
... Removed 27 stack frames]]>
    </failure>
  </testcase> <!-- phone -->
  <testcase classname="com.identifycourses.pages.ReadyToTransform" name="instituteName" time="0.0">
    <failure type="org.testng.TestNGException" message="
Cannot inject @Test annotated Method [instituteName] with [class java.lang.String].
For more information on native dependency injection please refer to https://testng.org/doc/documentation-main.html#native-dependency-injection">
      <![CDATA[org.testng.TestNGException: 
Cannot inject @Test annotated Method [instituteName] with [class java.lang.String].
For more information on native dependency injection please refer to https://testng.org/doc/documentation-main.html#native-dependency-injection
at java.base/java.util.ArrayList.forEach(ArrayList.java:1511)
... Removed 27 stack frames]]>
    </failure>
  </testcase> <!-- instituteName -->
  <testcase classname="com.identifycourses.pages.ReadyToTransform" name="instituteType" time="0.0">
    <failure type="org.testng.TestNGException" message="
Cannot inject @Test annotated Method [instituteType] with [class java.lang.String].
For more information on native dependency injection please refer to https://testng.org/doc/documentation-main.html#native-dependency-injection">
      <![CDATA[org.testng.TestNGException: 
Cannot inject @Test annotated Method [instituteType] with [class java.lang.String].
For more information on native dependency injection please refer to https://testng.org/doc/documentation-main.html#native-dependency-injection
at java.base/java.util.ArrayList.forEach(ArrayList.java:1511)
... Removed 27 stack frames]]>
    </failure>
  </testcase> <!-- instituteType -->
  <testcase classname="com.identifycourses.pages.ReadyToTransform" name="primaryDiscipline" time="0.0">
    <failure type="org.testng.TestNGException" message="
Cannot inject @Test annotated Method [primaryDiscipline] with [class java.lang.String].
For more information on native dependency injection please refer to https://testng.org/doc/documentation-main.html#native-dependency-injection">
      <![CDATA[org.testng.TestNGException: 
Cannot inject @Test annotated Method [primaryDiscipline] with [class java.lang.String].
For more information on native dependency injection please refer to https://testng.org/doc/documentation-main.html#native-dependency-injection
at java.base/java.util.ArrayList.forEach(ArrayList.java:1511)
... Removed 27 stack frames]]>
    </failure>
  </testcase> <!-- primaryDiscipline -->
  <testcase classname="com.identifycourses.pages.ReadyToTransform" name="Country" time="0.0">
    <failure type="org.testng.TestNGException" message="
Cannot inject @Test annotated Method [Country] with [class java.lang.String].
For more information on native dependency injection please refer to https://testng.org/doc/documentation-main.html#native-dependency-injection">
      <![CDATA[org.testng.TestNGException: 
Cannot inject @Test annotated Method [Country] with [class java.lang.String].
For more information on native dependency injection please refer to https://testng.org/doc/documentation-main.html#native-dependency-injection
at java.base/java.util.ArrayList.forEach(ArrayList.java:1511)
... Removed 27 stack frames]]>
    </failure>
  </testcase> <!-- Country -->
  <testcase classname="com.identifycourses.pages.ReadyToTransform" name="State" time="0.0">
    <failure type="org.testng.TestNGException" message="
Cannot inject @Test annotated Method [State] with [class java.lang.String].
For more information on native dependency injection please refer to https://testng.org/doc/documentation-main.html#native-dependency-injection">
      <![CDATA[org.testng.TestNGException: 
Cannot inject @Test annotated Method [State] with [class java.lang.String].
For more information on native dependency injection please refer to https://testng.org/doc/documentation-main.html#native-dependency-injection
at java.base/java.util.ArrayList.forEach(ArrayList.java:1511)
... Removed 27 stack frames]]>
    </failure>
  </testcase> <!-- State -->
  <testcase classname="com.identifycourses.pages.ReadyToTransform" name="help" time="0.0">
    <failure type="org.testng.TestNGException" message="
Cannot inject @Test annotated Method [help] with [class java.lang.String].
For more information on native dependency injection please refer to https://testng.org/doc/documentation-main.html#native-dependency-injection">
      <![CDATA[org.testng.TestNGException: 
Cannot inject @Test annotated Method [help] with [class java.lang.String].
For more information on native dependency injection please refer to https://testng.org/doc/documentation-main.html#native-dependency-injection
at java.base/java.util.ArrayList.forEach(ArrayList.java:1511)
... Removed 27 stack frames]]>
    </failure>
  </testcase> <!-- help -->
  <testcase classname="com.identifycourses.pages.ReadyToTransform" name="submitForm" time="0.001">
    <failure type="java.lang.NullPointerException" message="Cannot invoke &amp;quot;org.openqa.selenium.WebDriver.manage()&amp;quot; because &amp;quot;com.identifycourses.base.BaseClass.driver&amp;quot; is null">
      <![CDATA[java.lang.NullPointerException: Cannot invoke "org.openqa.selenium.WebDriver.manage()" because "com.identifycourses.base.BaseClass.driver" is null
at com.identifycourses.base.BaseClass.timeOut(BaseClass.java:52)
at com.identifycourses.pages.ReadyToTransform.submitForm(ReadyToTransform.java:120)
at java.base/java.util.ArrayList.forEach(ArrayList.java:1511)
... Removed 28 stack frames]]>
    </failure>
  </testcase> <!-- submitForm -->
</testsuite> <!-- Tests3 -->
